This is pdfTeX, Version 3.14159265-2.6-1.40.18 (MiKTeX 2.9.6500 64-bit) (preloaded format=pdflatex 2020.3.20)  28 JUN 2020 23:12
entering extended mode
**./slides.tex
(slides.tex
LaTeX2e <2017-04-15>
Babel <3.15> and hyphenation patterns for 75 language(s) loaded.
(C:\Users\alienware\AppData\Roaming\MiKTeX\2.9\tex\latex\beamer\beamer.cls
Document Class: beamer 2020/05/06 v3.58 A class for typesetting presentations

(C:\Users\alienware\AppData\Roaming\MiKTeX\2.9\tex\latex\beamer\beamerbasemodes
.sty
(C:\Users\alienware\AppData\Roaming\MiKTeX\2.9\tex\latex\etoolbox\etoolbox.sty
Package: etoolbox 2019/09/21 v2.5h e-TeX tools for LaTeX (JAW)
\etb@tempcnta=\count79
)
\beamer@tempbox=\box26
\beamer@tempcount=\count80
\c@beamerpauses=\count81

(C:\Users\alienware\AppData\Roaming\MiKTeX\2.9\tex\latex\beamer\beamerbasedecod
e.sty
\beamer@slideinframe=\count82
\beamer@minimum=\count83
\beamer@decode@box=\box27
)
\beamer@commentbox=\box28
\beamer@modecount=\count84
) ("d:\MiKTeX 2.9\tex\generic\oberdiek\ifpdf.sty"
Package: ifpdf 2017/03/15 v3.2 Provides the ifpdf switch
)
\headdp=\dimen102
\footheight=\dimen103
\sidebarheight=\dimen104
\beamer@tempdim=\dimen105
\beamer@finalheight=\dimen106
\beamer@animht=\dimen107
\beamer@animdp=\dimen108
\beamer@animwd=\dimen109
\beamer@leftmargin=\dimen110
\beamer@rightmargin=\dimen111
\beamer@leftsidebar=\dimen112
\beamer@rightsidebar=\dimen113
\beamer@boxsize=\dimen114
\beamer@vboxoffset=\dimen115
\beamer@descdefault=\dimen116
\beamer@descriptionwidth=\dimen117
\beamer@lastskip=\skip41
\beamer@areabox=\box29
\beamer@animcurrent=\box30
\beamer@animshowbox=\box31
\beamer@sectionbox=\box32
\beamer@logobox=\box33
\beamer@linebox=\box34
\beamer@sectioncount=\count85
\beamer@subsubsectionmax=\count86
\beamer@subsectionmax=\count87
\beamer@sectionmax=\count88
\beamer@totalheads=\count89
\beamer@headcounter=\count90
\beamer@partstartpage=\count91
\beamer@sectionstartpage=\count92
\beamer@subsectionstartpage=\count93
\beamer@animationtempa=\count94
\beamer@animationtempb=\count95
\beamer@xpos=\count96
\beamer@ypos=\count97
\beamer@ypos@offset=\count98
\beamer@showpartnumber=\count99
\beamer@currentsubsection=\count100
\beamer@coveringdepth=\count101
\beamer@sectionadjust=\count102
\beamer@tocsectionnumber=\count103

(C:\Users\alienware\AppData\Roaming\MiKTeX\2.9\tex\latex\beamer\beamerbaseoptio
ns.sty ("d:\MiKTeX 2.9\tex\latex\graphics\keyval.sty"
Package: keyval 2014/10/28 v1.15 key=value parser (DPC)
\KV@toks@=\toks14
))
\beamer@paperwidth=\skip42
\beamer@paperheight=\skip43

("d:\MiKTeX 2.9\tex\latex\geometry\geometry.sty"
Package: geometry 2010/09/12 v5.6 Page Geometry

("d:\MiKTeX 2.9\tex\generic\oberdiek\ifvtex.sty"
Package: ifvtex 2016/05/16 v1.6 Detect VTeX and its facilities (HO)
Package ifvtex Info: VTeX not detected.
)
("d:\MiKTeX 2.9\tex\generic\ifxetex\ifxetex.sty"
Package: ifxetex 2010/09/12 v0.6 Provides ifxetex conditional
)
\Gm@cnth=\count104
\Gm@cntv=\count105
\c@Gm@tempcnt=\count106
\Gm@bindingoffset=\dimen118
\Gm@wd@mp=\dimen119
\Gm@odd@mp=\dimen120
\Gm@even@mp=\dimen121
\Gm@layoutwidth=\dimen122
\Gm@layoutheight=\dimen123
\Gm@layouthoffset=\dimen124
\Gm@layoutvoffset=\dimen125
\Gm@dimlist=\toks15

("d:\MiKTeX 2.9\tex\latex\geometry\geometry.cfg"))
("d:\MiKTeX 2.9\tex\latex\base\size10.clo"
File: size10.clo 2014/09/29 v1.4h Standard LaTeX file (size option)
)
(C:\Users\alienware\AppData\Roaming\MiKTeX\2.9\tex\latex\pgf\basiclayer\pgfcore
.sty ("d:\MiKTeX 2.9\tex\latex\graphics\graphicx.sty"
Package: graphicx 2017/06/01 v1.1a Enhanced LaTeX Graphics (DPC,SPQR)

("d:\MiKTeX 2.9\tex\latex\graphics\graphics.sty"
Package: graphics 2017/06/25 v1.2c Standard LaTeX Graphics (DPC,SPQR)

("d:\MiKTeX 2.9\tex\latex\graphics\trig.sty"
Package: trig 2016/01/03 v1.10 sin cos tan (DPC)
)
("d:\MiKTeX 2.9\tex\latex\graphics-cfg\graphics.cfg"
File: graphics.cfg 2016/06/04 v1.11 sample graphics configuration
)
Package graphics Info: Driver file: pdftex.def on input line 99.

("d:\MiKTeX 2.9\tex\latex\graphics-def\pdftex.def"
File: pdftex.def 2017/06/24 v1.0g Graphics/color driver for pdftex
))
\Gin@req@height=\dimen126
\Gin@req@width=\dimen127
)
(C:\Users\alienware\AppData\Roaming\MiKTeX\2.9\tex\latex\pgf\systemlayer\pgfsys
.sty
(C:\Users\alienware\AppData\Roaming\MiKTeX\2.9\tex\latex\pgf\utilities\pgfrcs.s
ty
(C:\Users\alienware\AppData\Roaming\MiKTeX\2.9\tex\generic\pgf\utilities\pgfuti
l-common.tex
\pgfutil@everybye=\toks16
\pgfutil@tempdima=\dimen128
\pgfutil@tempdimb=\dimen129

(C:\Users\alienware\AppData\Roaming\MiKTeX\2.9\tex\generic\pgf\utilities\pgfuti
l-common-lists.tex))
(C:\Users\alienware\AppData\Roaming\MiKTeX\2.9\tex\generic\pgf\utilities\pgfuti
l-latex.def
\pgfutil@abb=\box35

(C:\Users\alienware\AppData\Roaming\MiKTeX\2.9\tex\latex\ms\everyshi.sty
Package: everyshi 2001/05/15 v3.00 EveryShipout Package (MS)
))
(C:\Users\alienware\AppData\Roaming\MiKTeX\2.9\tex\generic\pgf\utilities\pgfrcs
.code.tex
(C:\Users\alienware\AppData\Roaming\MiKTeX\2.9\tex\generic\pgf\pgf.revision.tex
)
Package: pgfrcs 2020/01/08 v3.1.5b (3.1.5b)
))
(C:\Users\alienware\AppData\Roaming\MiKTeX\2.9\tex\generic\pgf\systemlayer\pgfs
ys.code.tex
Package: pgfsys 2020/01/08 v3.1.5b (3.1.5b)

(C:\Users\alienware\AppData\Roaming\MiKTeX\2.9\tex\generic\pgf\utilities\pgfkey
s.code.tex
\pgfkeys@pathtoks=\toks17
\pgfkeys@temptoks=\toks18

(C:\Users\alienware\AppData\Roaming\MiKTeX\2.9\tex\generic\pgf\utilities\pgfkey
sfiltered.code.tex
\pgfkeys@tmptoks=\toks19
))
\pgf@x=\dimen130
\pgf@y=\dimen131
\pgf@xa=\dimen132
\pgf@ya=\dimen133
\pgf@xb=\dimen134
\pgf@yb=\dimen135
\pgf@xc=\dimen136
\pgf@yc=\dimen137
\pgf@xd=\dimen138
\pgf@yd=\dimen139
\w@pgf@writea=\write3
\r@pgf@reada=\read1
\c@pgf@counta=\count107
\c@pgf@countb=\count108
\c@pgf@countc=\count109
\c@pgf@countd=\count110
\t@pgf@toka=\toks20
\t@pgf@tokb=\toks21
\t@pgf@tokc=\toks22
\pgf@sys@id@count=\count111

(C:\Users\alienware\AppData\Roaming\MiKTeX\2.9\tex\generic\pgf\systemlayer\pgf.
cfg
File: pgf.cfg 2020/01/08 v3.1.5b (3.1.5b)
)
Driver file for pgf: pgfsys-pdftex.def

(C:\Users\alienware\AppData\Roaming\MiKTeX\2.9\tex\generic\pgf\systemlayer\pgfs
ys-pdftex.def
File: pgfsys-pdftex.def 2020/01/08 v3.1.5b (3.1.5b)

(C:\Users\alienware\AppData\Roaming\MiKTeX\2.9\tex\generic\pgf\systemlayer\pgfs
ys-common-pdf.def
File: pgfsys-common-pdf.def 2020/01/08 v3.1.5b (3.1.5b)
)))
(C:\Users\alienware\AppData\Roaming\MiKTeX\2.9\tex\generic\pgf\systemlayer\pgfs
yssoftpath.code.tex
File: pgfsyssoftpath.code.tex 2020/01/08 v3.1.5b (3.1.5b)
\pgfsyssoftpath@smallbuffer@items=\count112
\pgfsyssoftpath@bigbuffer@items=\count113
)
(C:\Users\alienware\AppData\Roaming\MiKTeX\2.9\tex\generic\pgf\systemlayer\pgfs
ysprotocol.code.tex
File: pgfsysprotocol.code.tex 2020/01/08 v3.1.5b (3.1.5b)
))
(C:\Users\alienware\AppData\Roaming\MiKTeX\2.9\tex\latex\xcolor\xcolor.sty
Package: xcolor 2016/05/11 v2.12 LaTeX color extensions (UK)

("d:\MiKTeX 2.9\tex\latex\graphics-cfg\color.cfg"
File: color.cfg 2016/01/02 v1.6 sample color configuration
)
Package xcolor Info: Driver file: pdftex.def on input line 225.
Package xcolor Info: Model `cmy' substituted by `cmy0' on input line 1348.
Package xcolor Info: Model `hsb' substituted by `rgb' on input line 1352.
Package xcolor Info: Model `RGB' extended on input line 1364.
Package xcolor Info: Model `HTML' substituted by `rgb' on input line 1366.
Package xcolor Info: Model `Hsb' substituted by `hsb' on input line 1367.
Package xcolor Info: Model `tHsb' substituted by `hsb' on input line 1368.
Package xcolor Info: Model `HSB' substituted by `hsb' on input line 1369.
Package xcolor Info: Model `Gray' substituted by `gray' on input line 1370.
Package xcolor Info: Model `wave' substituted by `hsb' on input line 1371.
)
(C:\Users\alienware\AppData\Roaming\MiKTeX\2.9\tex\generic\pgf\basiclayer\pgfco
re.code.tex
Package: pgfcore 2020/01/08 v3.1.5b (3.1.5b)

(C:\Users\alienware\AppData\Roaming\MiKTeX\2.9\tex\generic\pgf\math\pgfmath.cod
e.tex
(C:\Users\alienware\AppData\Roaming\MiKTeX\2.9\tex\generic\pgf\math\pgfmathcalc
.code.tex
(C:\Users\alienware\AppData\Roaming\MiKTeX\2.9\tex\generic\pgf\math\pgfmathutil
.code.tex)
(C:\Users\alienware\AppData\Roaming\MiKTeX\2.9\tex\generic\pgf\math\pgfmathpars
er.code.tex
\pgfmath@dimen=\dimen140
\pgfmath@count=\count114
\pgfmath@box=\box36
\pgfmath@toks=\toks23
\pgfmath@stack@operand=\toks24
\pgfmath@stack@operation=\toks25
)
(C:\Users\alienware\AppData\Roaming\MiKTeX\2.9\tex\generic\pgf\math\pgfmathfunc
tions.code.tex
(C:\Users\alienware\AppData\Roaming\MiKTeX\2.9\tex\generic\pgf\math\pgfmathfunc
tions.basic.code.tex)
(C:\Users\alienware\AppData\Roaming\MiKTeX\2.9\tex\generic\pgf\math\pgfmathfunc
tions.trigonometric.code.tex)
(C:\Users\alienware\AppData\Roaming\MiKTeX\2.9\tex\generic\pgf\math\pgfmathfunc
tions.random.code.tex)
(C:\Users\alienware\AppData\Roaming\MiKTeX\2.9\tex\generic\pgf\math\pgfmathfunc
tions.comparison.code.tex)
(C:\Users\alienware\AppData\Roaming\MiKTeX\2.9\tex\generic\pgf\math\pgfmathfunc
tions.base.code.tex)
(C:\Users\alienware\AppData\Roaming\MiKTeX\2.9\tex\generic\pgf\math\pgfmathfunc
tions.round.code.tex)
(C:\Users\alienware\AppData\Roaming\MiKTeX\2.9\tex\generic\pgf\math\pgfmathfunc
tions.misc.code.tex)
(C:\Users\alienware\AppData\Roaming\MiKTeX\2.9\tex\generic\pgf\math\pgfmathfunc
tions.integerarithmetics.code.tex)))
(C:\Users\alienware\AppData\Roaming\MiKTeX\2.9\tex\generic\pgf\math\pgfmathfloa
t.code.tex
\c@pgfmathroundto@lastzeros=\count115
))
(C:\Users\alienware\AppData\Roaming\MiKTeX\2.9\tex\generic\pgf\math\pgfint.code
.tex)
(C:\Users\alienware\AppData\Roaming\MiKTeX\2.9\tex\generic\pgf\basiclayer\pgfco
repoints.code.tex
File: pgfcorepoints.code.tex 2020/01/08 v3.1.5b (3.1.5b)
\pgf@picminx=\dimen141
\pgf@picmaxx=\dimen142
\pgf@picminy=\dimen143
\pgf@picmaxy=\dimen144
\pgf@pathminx=\dimen145
\pgf@pathmaxx=\dimen146
\pgf@pathminy=\dimen147
\pgf@pathmaxy=\dimen148
\pgf@xx=\dimen149
\pgf@xy=\dimen150
\pgf@yx=\dimen151
\pgf@yy=\dimen152
\pgf@zx=\dimen153
\pgf@zy=\dimen154
)
(C:\Users\alienware\AppData\Roaming\MiKTeX\2.9\tex\generic\pgf\basiclayer\pgfco
repathconstruct.code.tex
File: pgfcorepathconstruct.code.tex 2020/01/08 v3.1.5b (3.1.5b)
\pgf@path@lastx=\dimen155
\pgf@path@lasty=\dimen156
)
(C:\Users\alienware\AppData\Roaming\MiKTeX\2.9\tex\generic\pgf\basiclayer\pgfco
repathusage.code.tex
File: pgfcorepathusage.code.tex 2020/01/08 v3.1.5b (3.1.5b)
\pgf@shorten@end@additional=\dimen157
\pgf@shorten@start@additional=\dimen158
)
(C:\Users\alienware\AppData\Roaming\MiKTeX\2.9\tex\generic\pgf\basiclayer\pgfco
rescopes.code.tex
File: pgfcorescopes.code.tex 2020/01/08 v3.1.5b (3.1.5b)
\pgfpic=\box37
\pgf@hbox=\box38
\pgf@layerbox@main=\box39
\pgf@picture@serial@count=\count116
)
(C:\Users\alienware\AppData\Roaming\MiKTeX\2.9\tex\generic\pgf\basiclayer\pgfco
regraphicstate.code.tex
File: pgfcoregraphicstate.code.tex 2020/01/08 v3.1.5b (3.1.5b)
\pgflinewidth=\dimen159
)
(C:\Users\alienware\AppData\Roaming\MiKTeX\2.9\tex\generic\pgf\basiclayer\pgfco
retransformations.code.tex
File: pgfcoretransformations.code.tex 2020/01/08 v3.1.5b (3.1.5b)
\pgf@pt@x=\dimen160
\pgf@pt@y=\dimen161
\pgf@pt@temp=\dimen162
)
(C:\Users\alienware\AppData\Roaming\MiKTeX\2.9\tex\generic\pgf\basiclayer\pgfco
requick.code.tex
File: pgfcorequick.code.tex 2020/01/08 v3.1.5b (3.1.5b)
)
(C:\Users\alienware\AppData\Roaming\MiKTeX\2.9\tex\generic\pgf\basiclayer\pgfco
reobjects.code.tex
File: pgfcoreobjects.code.tex 2020/01/08 v3.1.5b (3.1.5b)
)
(C:\Users\alienware\AppData\Roaming\MiKTeX\2.9\tex\generic\pgf\basiclayer\pgfco
repathprocessing.code.tex
File: pgfcorepathprocessing.code.tex 2020/01/08 v3.1.5b (3.1.5b)
)
(C:\Users\alienware\AppData\Roaming\MiKTeX\2.9\tex\generic\pgf\basiclayer\pgfco
rearrows.code.tex
File: pgfcorearrows.code.tex 2020/01/08 v3.1.5b (3.1.5b)
\pgfarrowsep=\dimen163
)
(C:\Users\alienware\AppData\Roaming\MiKTeX\2.9\tex\generic\pgf\basiclayer\pgfco
reshade.code.tex
File: pgfcoreshade.code.tex 2020/01/08 v3.1.5b (3.1.5b)
\pgf@max=\dimen164
\pgf@sys@shading@range@num=\count117
\pgf@shadingcount=\count118
)
(C:\Users\alienware\AppData\Roaming\MiKTeX\2.9\tex\generic\pgf\basiclayer\pgfco
reimage.code.tex
File: pgfcoreimage.code.tex 2020/01/08 v3.1.5b (3.1.5b)

(C:\Users\alienware\AppData\Roaming\MiKTeX\2.9\tex\generic\pgf\basiclayer\pgfco
reexternal.code.tex
File: pgfcoreexternal.code.tex 2020/01/08 v3.1.5b (3.1.5b)
\pgfexternal@startupbox=\box40
))
(C:\Users\alienware\AppData\Roaming\MiKTeX\2.9\tex\generic\pgf\basiclayer\pgfco
relayers.code.tex
File: pgfcorelayers.code.tex 2020/01/08 v3.1.5b (3.1.5b)
)
(C:\Users\alienware\AppData\Roaming\MiKTeX\2.9\tex\generic\pgf\basiclayer\pgfco
retransparency.code.tex
File: pgfcoretransparency.code.tex 2020/01/08 v3.1.5b (3.1.5b)
)
(C:\Users\alienware\AppData\Roaming\MiKTeX\2.9\tex\generic\pgf\basiclayer\pgfco
repatterns.code.tex
File: pgfcorepatterns.code.tex 2020/01/08 v3.1.5b (3.1.5b)
)
(C:\Users\alienware\AppData\Roaming\MiKTeX\2.9\tex\generic\pgf\basiclayer\pgfco
rerdf.code.tex
File: pgfcorerdf.code.tex 2020/01/08 v3.1.5b (3.1.5b)
)))
(C:\Users\alienware\AppData\Roaming\MiKTeX\2.9\tex\latex\pgf\utilities\xxcolor.
sty
Package: xxcolor 2003/10/24 ver 0.1
\XC@nummixins=\count119
\XC@countmixins=\count120
) ("d:\MiKTeX 2.9\tex\generic\oberdiek\atbegshi.sty"
Package: atbegshi 2016/06/09 v1.18 At begin shipout hook (HO)

("d:\MiKTeX 2.9\tex\generic\oberdiek\infwarerr.sty"
Package: infwarerr 2016/05/16 v1.4 Providing info/warning/error messages (HO)
)
("d:\MiKTeX 2.9\tex\generic\oberdiek\ltxcmds.sty"
Package: ltxcmds 2016/05/16 v1.23 LaTeX kernel commands for general use (HO)
))
("d:\MiKTeX 2.9\tex\latex\hyperref\hyperref.sty"
Package: hyperref 2017/03/14 v6.85a Hypertext links for LaTeX

("d:\MiKTeX 2.9\tex\generic\oberdiek\hobsub-hyperref.sty"
Package: hobsub-hyperref 2016/05/16 v1.14 Bundle oberdiek, subset hyperref (HO)


("d:\MiKTeX 2.9\tex\generic\oberdiek\hobsub-generic.sty"
Package: hobsub-generic 2016/05/16 v1.14 Bundle oberdiek, subset generic (HO)
Package: hobsub 2016/05/16 v1.14 Construct package bundles (HO)
Package hobsub Info: Skipping package `infwarerr' (already loaded).
Package hobsub Info: Skipping package `ltxcmds' (already loaded).
Package: ifluatex 2016/05/16 v1.4 Provides the ifluatex switch (HO)
Package ifluatex Info: LuaTeX not detected.
Package hobsub Info: Skipping package `ifvtex' (already loaded).
Package: intcalc 2016/05/16 v1.2 Expandable calculations with integers (HO)
Package hobsub Info: Skipping package `ifpdf' (already loaded).
Package: etexcmds 2016/05/16 v1.6 Avoid name clashes with e-TeX commands (HO)
Package etexcmds Info: Could not find \expanded.
(etexcmds)             That can mean that you are not using pdfTeX 1.50 or
(etexcmds)             that some package has redefined \expanded.
(etexcmds)             In the latter case, load this package earlier.
Package: kvsetkeys 2016/05/16 v1.17 Key value parser (HO)
Package: kvdefinekeys 2016/05/16 v1.4 Define keys (HO)
Package: pdftexcmds 2017/03/19 v0.25 Utility functions of pdfTeX for LuaTeX (HO
)
Package pdftexcmds Info: LuaTeX not detected.
Package pdftexcmds Info: \pdf@primitive is available.
Package pdftexcmds Info: \pdf@ifprimitive is available.
Package pdftexcmds Info: \pdfdraftmode found.
Package: pdfescape 2016/05/16 v1.14 Implements pdfTeX's escape features (HO)
Package: bigintcalc 2016/05/16 v1.4 Expandable calculations on big integers (HO
)
Package: bitset 2016/05/16 v1.2 Handle bit-vector datatype (HO)
Package: uniquecounter 2016/05/16 v1.3 Provide unlimited unique counter (HO)
)
Package hobsub Info: Skipping package `hobsub' (already loaded).
Package: letltxmacro 2016/05/16 v1.5 Let assignment for LaTeX macros (HO)
Package: hopatch 2016/05/16 v1.3 Wrapper for package hooks (HO)
Package: xcolor-patch 2016/05/16 xcolor patch
Package: atveryend 2016/05/16 v1.9 Hooks at the very end of document (HO)
Package hobsub Info: Skipping package `atbegshi' (already loaded).
Package: refcount 2016/05/16 v3.5 Data extraction from label references (HO)
Package: hycolor 2016/05/16 v1.8 Color options for hyperref/bookmark (HO)
)
("d:\MiKTeX 2.9\tex\latex\oberdiek\auxhook.sty"
Package: auxhook 2016/05/16 v1.4 Hooks for auxiliary files (HO)
)
("d:\MiKTeX 2.9\tex\latex\oberdiek\kvoptions.sty"
Package: kvoptions 2016/05/16 v3.12 Key value format for package options (HO)
)
\@linkdim=\dimen165
\Hy@linkcounter=\count121
\Hy@pagecounter=\count122

("d:\MiKTeX 2.9\tex\latex\hyperref\pd1enc.def"
File: pd1enc.def 2017/03/14 v6.85a Hyperref: PDFDocEncoding definition (HO)
)
\Hy@SavedSpaceFactor=\count123

("d:\MiKTeX 2.9\tex\latex\00miktex\hyperref.cfg"
File: hyperref.cfg 2002/06/06 v1.2 hyperref configuration of TeXLive
)
Package hyperref Info: Option `bookmarks' set `true' on input line 4374.
Package hyperref Info: Option `bookmarksopen' set `true' on input line 4374.
Package hyperref Info: Option `implicit' set `false' on input line 4374.
Package hyperref Info: Hyper figures OFF on input line 4498.
Package hyperref Info: Link nesting OFF on input line 4503.
Package hyperref Info: Hyper index ON on input line 4506.
Package hyperref Info: Plain pages OFF on input line 4513.
Package hyperref Info: Backreferencing OFF on input line 4518.
Package hyperref Info: Implicit mode OFF; no redefinition of LaTeX internals.
Package hyperref Info: Bookmarks ON on input line 4751.
\c@Hy@tempcnt=\count124

(C:\Users\alienware\AppData\Roaming\MiKTeX\2.9\tex\latex\url\url.sty
\Urlmuskip=\muskip10
Package: url 2013/09/16  ver 3.4  Verb mode for urls, etc.
)
LaTeX Info: Redefining \url on input line 5104.
\XeTeXLinkMargin=\dimen166
\Fld@menulength=\count125
\Field@Width=\dimen167
\Fld@charsize=\dimen168
Package hyperref Info: Hyper figures OFF on input line 6358.
Package hyperref Info: Link nesting OFF on input line 6363.
Package hyperref Info: Hyper index ON on input line 6366.
Package hyperref Info: backreferencing OFF on input line 6373.
Package hyperref Info: Link coloring OFF on input line 6378.
Package hyperref Info: Link coloring with OCG OFF on input line 6383.
Package hyperref Info: PDF/A mode OFF on input line 6388.
LaTeX Info: Redefining \ref on input line 6428.
LaTeX Info: Redefining \pageref on input line 6432.
\Hy@abspage=\count126


Package hyperref Message: Stopped early.

)

Package hyperref Message: Driver (autodetected): hpdftex.

("d:\MiKTeX 2.9\tex\latex\hyperref\hpdftex.def"
File: hpdftex.def 2017/03/14 v6.85a Hyperref driver for pdfTeX
\Fld@listcount=\count127
\c@bookmark@seq@number=\count128

("d:\MiKTeX 2.9\tex\latex\oberdiek\rerunfilecheck.sty"
Package: rerunfilecheck 2016/05/16 v1.8 Rerun checks for auxiliary files (HO)
Package uniquecounter Info: New unique counter `rerunfilecheck' on input line 2
82.
))
(C:\Users\alienware\AppData\Roaming\MiKTeX\2.9\tex\latex\beamer\beamerbaserequi
res.sty
(C:\Users\alienware\AppData\Roaming\MiKTeX\2.9\tex\latex\beamer\beamerbasecompa
tibility.sty)
(C:\Users\alienware\AppData\Roaming\MiKTeX\2.9\tex\latex\beamer\beamerbasefont.
sty ("d:\MiKTeX 2.9\tex\latex\amsfonts\amssymb.sty"
Package: amssymb 2013/01/14 v3.01 AMS font symbols

("d:\MiKTeX 2.9\tex\latex\amsfonts\amsfonts.sty"
Package: amsfonts 2013/01/14 v3.01 Basic AMSFonts support
\@emptytoks=\toks26
\symAMSa=\mathgroup4
\symAMSb=\mathgroup5
LaTeX Font Info:    Overwriting math alphabet `\mathfrak' in version `bold'
(Font)                  U/euf/m/n --> U/euf/b/n on input line 106.
))
(C:\Users\alienware\AppData\Roaming\MiKTeX\2.9\tex\latex\sansmathaccent\sansmat
haccent.sty
Package: sansmathaccent 2020/01/31

(C:\Users\alienware\AppData\Roaming\MiKTeX\2.9\tex\latex\koma-script\scrlfile.s
ty
Package: scrlfile 2020/04/19 v3.30 KOMA-Script package (loading files)
)))
(C:\Users\alienware\AppData\Roaming\MiKTeX\2.9\tex\latex\beamer\beamerbasetrans
lator.sty
(C:\Users\alienware\AppData\Roaming\MiKTeX\2.9\tex\latex\translator\translator.
sty
Package: translator 2019-05-31 v1.12a Easy translation of strings in LaTeX
))
(C:\Users\alienware\AppData\Roaming\MiKTeX\2.9\tex\latex\beamer\beamerbasemisc.
sty)
(C:\Users\alienware\AppData\Roaming\MiKTeX\2.9\tex\latex\beamer\beamerbasetwosc
reens.sty)
(C:\Users\alienware\AppData\Roaming\MiKTeX\2.9\tex\latex\beamer\beamerbaseoverl
ay.sty
\beamer@argscount=\count129
\beamer@lastskipcover=\skip44
\beamer@trivlistdepth=\count130
)
(C:\Users\alienware\AppData\Roaming\MiKTeX\2.9\tex\latex\beamer\beamerbasetitle
.sty)
(C:\Users\alienware\AppData\Roaming\MiKTeX\2.9\tex\latex\beamer\beamerbasesecti
on.sty
\c@lecture=\count131
\c@part=\count132
\c@section=\count133
\c@subsection=\count134
\c@subsubsection=\count135
)
(C:\Users\alienware\AppData\Roaming\MiKTeX\2.9\tex\latex\beamer\beamerbaseframe
.sty
\beamer@framebox=\box41
\beamer@frametitlebox=\box42
\beamer@zoombox=\box43
\beamer@zoomcount=\count136
\beamer@zoomframecount=\count137
\beamer@frametextheight=\dimen169
\c@subsectionslide=\count138
\beamer@frametopskip=\skip45
\beamer@framebottomskip=\skip46
\beamer@frametopskipautobreak=\skip47
\beamer@framebottomskipautobreak=\skip48
\beamer@envbody=\toks27
\framewidth=\dimen170
\c@framenumber=\count139
)
(C:\Users\alienware\AppData\Roaming\MiKTeX\2.9\tex\latex\beamer\beamerbaseverba
tim.sty
\beamer@verbatimfileout=\write4
)
(C:\Users\alienware\AppData\Roaming\MiKTeX\2.9\tex\latex\beamer\beamerbaseframe
size.sty
\beamer@splitbox=\box44
\beamer@autobreakcount=\count140
\beamer@autobreaklastheight=\dimen171
\beamer@frametitletoks=\toks28
\beamer@framesubtitletoks=\toks29
)
(C:\Users\alienware\AppData\Roaming\MiKTeX\2.9\tex\latex\beamer\beamerbaseframe
components.sty
\beamer@footins=\box45
)
(C:\Users\alienware\AppData\Roaming\MiKTeX\2.9\tex\latex\beamer\beamerbasecolor
.sty)
(C:\Users\alienware\AppData\Roaming\MiKTeX\2.9\tex\latex\beamer\beamerbasenotes
.sty
\beamer@frameboxcopy=\box46
)
(C:\Users\alienware\AppData\Roaming\MiKTeX\2.9\tex\latex\beamer\beamerbasetoc.s
ty)
(C:\Users\alienware\AppData\Roaming\MiKTeX\2.9\tex\latex\beamer\beamerbasetempl
ates.sty
\beamer@sbttoks=\toks30

(C:\Users\alienware\AppData\Roaming\MiKTeX\2.9\tex\latex\beamer\beamerbaseauxte
mplates.sty
(C:\Users\alienware\AppData\Roaming\MiKTeX\2.9\tex\latex\beamer\beamerbaseboxes
.sty
\bmb@box=\box47
\bmb@colorbox=\box48
\bmb@boxshadow=\box49
\bmb@boxshadowball=\box50
\bmb@boxshadowballlarge=\box51
\bmb@temp=\dimen172
\bmb@dima=\dimen173
\bmb@dimb=\dimen174
\bmb@prevheight=\dimen175
)
\beamer@blockheadheight=\dimen176
))
(C:\Users\alienware\AppData\Roaming\MiKTeX\2.9\tex\latex\beamer\beamerbaselocal
structure.sty ("d:\MiKTeX 2.9\tex\latex\tools\enumerate.sty"
Package: enumerate 2015/07/23 v3.00 enumerate extensions (DPC)
\@enLab=\toks31
)
\c@figure=\count141
\c@table=\count142
\abovecaptionskip=\skip49
\belowcaptionskip=\skip50
)
(C:\Users\alienware\AppData\Roaming\MiKTeX\2.9\tex\latex\beamer\beamerbasenavig
ation.sty
\beamer@section@min@dim=\dimen177
)
(C:\Users\alienware\AppData\Roaming\MiKTeX\2.9\tex\latex\beamer\beamerbasetheor
ems.sty ("d:\MiKTeX 2.9\tex\latex\amsmath\amsmath.sty"
Package: amsmath 2017/09/02 v2.17a AMS math features
\@mathmargin=\skip51

For additional information on amsmath, use the `?' option.
("d:\MiKTeX 2.9\tex\latex\amsmath\amstext.sty"
Package: amstext 2000/06/29 v2.01 AMS text

("d:\MiKTeX 2.9\tex\latex\amsmath\amsgen.sty"
File: amsgen.sty 1999/11/30 v2.0 generic functions
\@emptytoks=\toks32
\ex@=\dimen178
))
("d:\MiKTeX 2.9\tex\latex\amsmath\amsbsy.sty"
Package: amsbsy 1999/11/29 v1.2d Bold Symbols
\pmbraise@=\dimen179
)
("d:\MiKTeX 2.9\tex\latex\amsmath\amsopn.sty"
Package: amsopn 2016/03/08 v2.02 operator names
)
\inf@bad=\count143
LaTeX Info: Redefining \frac on input line 213.
\uproot@=\count144
\leftroot@=\count145
LaTeX Info: Redefining \overline on input line 375.
\classnum@=\count146
\DOTSCASE@=\count147
LaTeX Info: Redefining \ldots on input line 472.
LaTeX Info: Redefining \dots on input line 475.
LaTeX Info: Redefining \cdots on input line 596.
\Mathstrutbox@=\box52
\strutbox@=\box53
\big@size=\dimen180
LaTeX Font Info:    Redeclaring font encoding OML on input line 712.
LaTeX Font Info:    Redeclaring font encoding OMS on input line 713.
\macc@depth=\count148
\c@MaxMatrixCols=\count149
\dotsspace@=\muskip11
\c@parentequation=\count150
\dspbrk@lvl=\count151
\tag@help=\toks33
\row@=\count152
\column@=\count153
\maxfields@=\count154
\andhelp@=\toks34
\eqnshift@=\dimen181
\alignsep@=\dimen182
\tagshift@=\dimen183
\tagwidth@=\dimen184
\totwidth@=\dimen185
\lineht@=\dimen186
\@envbody=\toks35
\multlinegap=\skip52
\multlinetaggap=\skip53
\mathdisplay@stack=\toks36
LaTeX Info: Redefining \[ on input line 2817.
LaTeX Info: Redefining \] on input line 2818.
)
("d:\MiKTeX 2.9\tex\latex\amscls\amsthm.sty"
Package: amsthm 2015/03/04 v2.20.2
\thm@style=\toks37
\thm@bodyfont=\toks38
\thm@headfont=\toks39
\thm@notefont=\toks40
\thm@headpunct=\toks41
\thm@preskip=\skip54
\thm@postskip=\skip55
\thm@headsep=\skip56
\dth@everypar=\toks42
)
\c@theorem=\count155
)
(C:\Users\alienware\AppData\Roaming\MiKTeX\2.9\tex\latex\beamer\beamerbasetheme
s.sty))
(C:\Users\alienware\AppData\Roaming\MiKTeX\2.9\tex\latex\beamer\beamerthemedefa
ult.sty
(C:\Users\alienware\AppData\Roaming\MiKTeX\2.9\tex\latex\beamer\beamerfonttheme
default.sty)
(C:\Users\alienware\AppData\Roaming\MiKTeX\2.9\tex\latex\beamer\beamercolorthem
edefault.sty)
(C:\Users\alienware\AppData\Roaming\MiKTeX\2.9\tex\latex\beamer\beamerinnerthem
edefault.sty
\beamer@dima=\dimen187
\beamer@dimb=\dimen188
)
(C:\Users\alienware\AppData\Roaming\MiKTeX\2.9\tex\latex\beamer\beamerouterthem
edefault.sty)))
(C:\Users\alienware\AppData\Roaming\MiKTeX\2.9\tex\latex\sidecap\sidecap.sty
Package: sidecap 2003/06/06 v1.6f SideCap Package (RN/HjG)

("d:\MiKTeX 2.9\tex\latex\base\ifthen.sty"
Package: ifthen 2014/09/29 v1.1c Standard LaTeX ifthen package (DPC)
)
\SC@BOXWD=\dimen189
\SC@CAPWD=\dimen190
\SC@tempdima=\dimen191
\SC@tempdimb=\dimen192
\c@SC@C=\count156
\SC@BOX=\box54
)
(C:\Users\alienware\AppData\Roaming\MiKTeX\2.9\tex\latex\beamer\beamerthemeAnnA
rbor.sty
(C:\Users\alienware\AppData\Roaming\MiKTeX\2.9\tex\latex\beamer\beamerinnerthem
erounded.sty)
(C:\Users\alienware\AppData\Roaming\MiKTeX\2.9\tex\latex\beamer\beamerouterthem
einfolines.sty)
(C:\Users\alienware\AppData\Roaming\MiKTeX\2.9\tex\latex\beamer\beamercolorthem
ewolverine.sty))
(C:\Users\alienware\AppData\Roaming\MiKTeX\2.9\tex\latex\beamer\beamerinnerthem
ecircles.sty) ("d:\MiKTeX 2.9\tex\latex\graphics\epsfig.sty"
Package: epsfig 2017/06/25 v1.7b (e)psfig emulation (SPQR)
\epsfxsize=\dimen193
\epsfysize=\dimen194
)
("d:\MiKTeX 2.9\tex\latex\graphics\rotating.sty"
Package: rotating 2016/08/11 v2.16d rotated objects in LaTeX
\c@r@tfl@t=\count157
\rotFPtop=\skip57
\rotFPbot=\skip58
\rot@float@box=\box55
\rot@mess@toks=\toks43
)
("d:\MiKTeX 2.9\tex\latex\tools\tabularx.sty"
Package: tabularx 2016/02/03 v2.11 `tabularx' package (DPC)

("d:\MiKTeX 2.9\tex\latex\tools\array.sty"
Package: array 2016/10/06 v2.4d Tabular extension package (FMi)
\col@sep=\dimen195
\extrarowheight=\dimen196
\NC@list=\toks44
\extratabsurround=\skip59
\backup@length=\skip60
)
\TX@col@width=\dimen197
\TX@old@table=\dimen198
\TX@old@col=\dimen199
\TX@target=\dimen256
\TX@delta=\dimen257
\TX@cols=\count158
\TX@ftn=\toks45
)
(C:\Users\alienware\AppData\Roaming\MiKTeX\2.9\tex\latex\booktabs\booktabs.sty
Package: booktabs 2020/01/12 v1.61803398 Publication quality tables
\heavyrulewidth=\dimen258
\lightrulewidth=\dimen259
\cmidrulewidth=\dimen260
\belowrulesep=\dimen261
\belowbottomsep=\dimen262
\aboverulesep=\dimen263
\abovetopsep=\dimen264
\cmidrulesep=\dimen265
\cmidrulekern=\dimen266
\defaultaddspace=\dimen267
\@cmidla=\count159
\@cmidlb=\count160
\@aboverulesep=\dimen268
\@belowrulesep=\dimen269
\@thisruleclass=\count161
\@lastruleclass=\count162
\@thisrulewidth=\dimen270
) ("d:\MiKTeX 2.9\tex\latex\multirow\multirow.sty"
Package: multirow 2016/11/25 v2.2 Span multiple rows of a table
\multirow@colwidth=\skip61
\multirow@cntb=\count163
\multirow@dima=\skip62
\bigstrutjot=\dimen271
)
(C:\Users\alienware\AppData\Roaming\MiKTeX\2.9\tex\latex\setspace\setspace.sty
Package: setspace 2011/12/19 v6.7a set line spacing
)
(C:\Users\alienware\AppData\Roaming\MiKTeX\2.9\tex\latex\mathtools\mathtools.st
y
Package: mathtools 2020/01/17 v1.23 mathematical typesetting tools
 ("d:\MiKTeX 2.9\tex\latex\tools\calc.sty"
Package: calc 2014/10/28 v4.3 Infix arithmetic (KKT,FJ)
\calc@Acount=\count164
\calc@Bcount=\count165
\calc@Adimen=\dimen272
\calc@Bdimen=\dimen273
\calc@Askip=\skip63
\calc@Bskip=\skip64
LaTeX Info: Redefining \setlength on input line 80.
LaTeX Info: Redefining \addtolength on input line 81.
\calc@Ccount=\count166
\calc@Cskip=\skip65
)
(C:\Users\alienware\AppData\Roaming\MiKTeX\2.9\tex\latex\mathtools\mhsetup.sty
Package: mhsetup 2017/03/31 v1.3 programming setup (MH)
)
LaTeX Info: Thecontrolsequence`\('isalreadyrobust on input line 129.
LaTeX Info: Thecontrolsequence`\)'isalreadyrobust on input line 129.
LaTeX Info: Thecontrolsequence`\['isalreadyrobust on input line 129.
LaTeX Info: Thecontrolsequence`\]'isalreadyrobust on input line 129.
\g_MT_multlinerow_int=\count167
\l_MT_multwidth_dim=\dimen274
\origjot=\skip66
\l_MT_shortvdotswithinadjustabove_dim=\dimen275
\l_MT_shortvdotswithinadjustbelow_dim=\dimen276
\l_MT_above_intertext_sep=\dimen277
\l_MT_below_intertext_sep=\dimen278
\l_MT_above_shortintertext_sep=\dimen279
\l_MT_below_shortintertext_sep=\dimen280
)
\sympureletters=\mathgroup6
LaTeX Font Info:    Overwriting symbol font `pureletters' in version `bold'
(Font)                  OT1/mathkerncmss/m/sl --> OT1/mathkerncmss/bx/sl on inp
ut line 21.
 ("d:\MiKTeX 2.9\tex\latex\tools\bm.sty"
Package: bm 2017/01/16 v1.2c Bold Symbol Support (DPC/FMi)
\symboldoperators=\mathgroup7
\symboldletters=\mathgroup8
\symboldsymbols=\mathgroup9
\symboldpureletters=\mathgroup10
LaTeX Font Info:    Redeclaring math alphabet \mathbf on input line 141.
LaTeX Info: Redefining \bm on input line 207.
)
(C:\Users\alienware\AppData\Roaming\MiKTeX\2.9\tex\latex\filecontents\fileconte
nts.sty
Package: filecontents 2019/09/20 v1.5 Create an external file from within a LaT
eX document
)
(C:\Users\alienware\AppData\Roaming\MiKTeX\2.9\tex\latex\biblatex\biblatex.sty
Package: biblatex 2019/12/01 v3.14 programmable bibliographies (PK/MW)


LaTeX Warning: You have requested, on input line 37, version
               `2018/01/30' of package pdftexcmds,
               but only version
               `2017/03/19 v0.25 Utility functions of pdfTeX for LuaTeX (HO)'
               is available.

(C:\Users\alienware\AppData\Roaming\MiKTeX\2.9\tex\latex\logreq\logreq.sty
Package: logreq 2010/08/04 v1.0 xml request logger
\lrq@indent=\count168

(C:\Users\alienware\AppData\Roaming\MiKTeX\2.9\tex\latex\logreq\logreq.def
File: logreq.def 2010/08/04 v1.0 logreq spec v1.0
))
\c@tabx@nest=\count169
\c@listtotal=\count170
\c@listcount=\count171
\c@liststart=\count172
\c@liststop=\count173
\c@citecount=\count174
\c@citetotal=\count175
\c@multicitecount=\count176
\c@multicitetotal=\count177
\c@instcount=\count178
\c@maxnames=\count179
\c@minnames=\count180
\c@maxitems=\count181
\c@minitems=\count182
\c@citecounter=\count183
\c@maxcitecounter=\count184
\c@savedcitecounter=\count185
\c@uniquelist=\count186
\c@uniquename=\count187
\c@refsection=\count188
\c@refsegment=\count189
\c@maxextratitle=\count190
\c@maxextratitleyear=\count191
\c@maxextraname=\count192
\c@maxextradate=\count193
\c@maxextraalpha=\count194
\c@abbrvpenalty=\count195
\c@highnamepenalty=\count196
\c@lownamepenalty=\count197
\c@maxparens=\count198
\c@parenlevel=\count199
\blx@tempcnta=\count266
\blx@tempcntb=\count267
\blx@tempcntc=\count268
\blx@maxsection=\count269
\blx@maxsegment@0=\count270
\blx@notetype=\count271
\blx@parenlevel@text=\count272
\blx@parenlevel@foot=\count273
\blx@sectionciteorder@0=\count274
\blx@entrysetcounter=\count275
\labelnumberwidth=\skip67
\labelalphawidth=\skip68
\biblabelsep=\skip69
\bibitemsep=\skip70
\bibnamesep=\skip71
\bibinitsep=\skip72
\bibparsep=\skip73
\bibhang=\skip74
\blx@bcfin=\read2
\blx@bcfout=\write5
\blx@langwohyphens=\language76
\c@mincomprange=\count276
\c@maxcomprange=\count277
\c@mincompwidth=\count278
Package biblatex Info: Trying to load biblatex default data model...
Package biblatex Info: ... file 'blx-dm.def' found.

(C:\Users\alienware\AppData\Roaming\MiKTeX\2.9\tex\latex\biblatex\blx-dm.def
File: blx-dm.def 2019/12/01 v3.14 biblatex localization (PK/MW)
)
Package biblatex Info: Trying to load biblatex custom data model...
Package biblatex Info: ... file 'biblatex-dm.cfg' not found.
\c@afterword=\count279
\c@savedafterword=\count280
\c@annotator=\count281
\c@savedannotator=\count282
\c@author=\count283
\c@savedauthor=\count284
\c@bookauthor=\count285
\c@savedbookauthor=\count286
\c@commentator=\count287
\c@savedcommentator=\count288
\c@editor=\count289
\c@savededitor=\count290
\c@editora=\count291
\c@savededitora=\count292
\c@editorb=\count293
\c@savededitorb=\count294
\c@editorc=\count295
\c@savededitorc=\count296
\c@foreword=\count297
\c@savedforeword=\count298
\c@holder=\count299
\c@savedholder=\count300
\c@introduction=\count301
\c@savedintroduction=\count302
\c@namea=\count303
\c@savednamea=\count304
\c@nameb=\count305
\c@savednameb=\count306
\c@namec=\count307
\c@savednamec=\count308
\c@translator=\count309
\c@savedtranslator=\count310
\c@shortauthor=\count311
\c@savedshortauthor=\count312
\c@shorteditor=\count313
\c@savedshorteditor=\count314
\c@labelname=\count315
\c@savedlabelname=\count316
\c@institution=\count317
\c@savedinstitution=\count318
\c@lista=\count319
\c@savedlista=\count320
\c@listb=\count321
\c@savedlistb=\count322
\c@listc=\count323
\c@savedlistc=\count324
\c@listd=\count325
\c@savedlistd=\count326
\c@liste=\count327
\c@savedliste=\count328
\c@listf=\count329
\c@savedlistf=\count330
\c@location=\count331
\c@savedlocation=\count332
\c@organization=\count333
\c@savedorganization=\count334
\c@origlocation=\count335
\c@savedoriglocation=\count336
\c@origpublisher=\count337
\c@savedorigpublisher=\count338
\c@publisher=\count339
\c@savedpublisher=\count340
\c@language=\count341
\c@savedlanguage=\count342
\c@origlanguage=\count343
\c@savedoriglanguage=\count344
\c@pageref=\count345
\c@savedpageref=\count346
\shorthandwidth=\skip75
\shortjournalwidth=\skip76
\shortserieswidth=\skip77
\shorttitlewidth=\skip78
\shortauthorwidth=\skip79
\shorteditorwidth=\skip80
\locallabelnumberwidth=\skip81
\locallabelalphawidth=\skip82
\localshorthandwidth=\skip83
\localshortjournalwidth=\skip84
\localshortserieswidth=\skip85
\localshorttitlewidth=\skip86
\localshortauthorwidth=\skip87
\localshorteditorwidth=\skip88
Package biblatex Info: Trying to load compatibility code...
Package biblatex Info: ... file 'blx-compat.def' found.

(C:\Users\alienware\AppData\Roaming\MiKTeX\2.9\tex\latex\biblatex\blx-compat.de
f
File: blx-compat.def 2019/12/01 v3.14 biblatex compatibility (PK/MW)
)
Package biblatex Info: Trying to load generic definitions...
Package biblatex Info: ... file 'biblatex.def' found.

(C:\Users\alienware\AppData\Roaming\MiKTeX\2.9\tex\latex\biblatex\biblatex.def
File: biblatex.def 2019/12/01 v3.14 biblatex compatibility (PK/MW)
\c@textcitecount=\count347
\c@textcitetotal=\count348
\c@textcitemaxnames=\count349
\c@biburlbigbreakpenalty=\count350
\c@biburlbreakpenalty=\count351
\c@biburlnumpenalty=\count352
\c@biburlucpenalty=\count353
\c@biburllcpenalty=\count354
\biburlbigskip=\muskip12
\biburlnumskip=\muskip13
\biburlucskip=\muskip14
\biburllcskip=\muskip15
\c@smartand=\count355
)
Package biblatex Info: Trying to load bibliography style 'numeric'...
Package biblatex Info: ... file 'numeric.bbx' found.

(C:\Users\alienware\AppData\Roaming\MiKTeX\2.9\tex\latex\biblatex\bbx\numeric.b
bx
File: numeric.bbx 2019/12/01 v3.14 biblatex bibliography style (PK/MW)
Package biblatex Info: Trying to load bibliography style 'standard'...
Package biblatex Info: ... file 'standard.bbx' found.

(C:\Users\alienware\AppData\Roaming\MiKTeX\2.9\tex\latex\biblatex\bbx\standard.
bbx
File: standard.bbx 2019/12/01 v3.14 biblatex bibliography style (PK/MW)
\c@bbx:relatedcount=\count356
\c@bbx:relatedtotal=\count357
))
Package biblatex Info: Trying to load citation style 'numeric'...
Package biblatex Info: ... file 'numeric.cbx' found.

(C:\Users\alienware\AppData\Roaming\MiKTeX\2.9\tex\latex\biblatex\cbx\numeric.c
bx
File: numeric.cbx 2019/12/01 v3.14 biblatex citation style (PK/MW)
Package biblatex Info: Redefining '\cite'.
Package biblatex Info: Redefining '\parencite'.
Package biblatex Info: Redefining '\footcite'.
Package biblatex Info: Redefining '\footcitetext'.
Package biblatex Info: Redefining '\smartcite'.
Package biblatex Info: Redefining '\supercite'.
Package biblatex Info: Redefining '\textcite'.
Package biblatex Info: Redefining '\textcites'.
Package biblatex Info: Redefining '\cites'.
Package biblatex Info: Redefining '\parencites'.
Package biblatex Info: Redefining '\smartcites'.
)
Package biblatex Info: Trying to load configuration file...
Package biblatex Info: ... file 'biblatex.cfg' found.

(C:\Users\alienware\AppData\Roaming\MiKTeX\2.9\tex\latex\biblatex\biblatex.cfg
File: biblatex.cfg 
))
(C:\Users\alienware\AppData\Roaming\MiKTeX\2.9\tex\latex\caption\subcaption.sty
Package: subcaption 2020/01/22 v1.3d Sub-captions (AR)
(C:\Users\alienware\AppData\Roaming\MiKTeX\2.9\tex\latex\caption\caption.sty
Package: caption 2020/01/03 v3.4h Customizing captions (AR)

(C:\Users\alienware\AppData\Roaming\MiKTeX\2.9\tex\latex\caption\caption3.sty
Package: caption3 2020/01/03 v1.8h caption3 kernel (AR)
Package caption3 Info: TeX engine: e-TeX on input line 61.
\captionmargin=\dimen281
\captionmargin@=\dimen282
\captionwidth=\dimen283
\caption@tempdima=\dimen284
\caption@indent=\dimen285
\caption@parindent=\dimen286
\caption@hangindent=\dimen287
Package caption Info: beamer document class detected.
)
\c@caption@flags=\count358
\c@continuedfloat=\count359
Package caption Info: beamer document class.
Package caption Info: hyperref package is loaded.
Package caption Info: Hyperref support is turned off
(caption)             because hyperref has stopped early.
Package caption Info: rotating package is loaded.
Package caption Info: sidecap package is loaded.
)
\c@subfigure=\count360
\c@subtable=\count361
) (appendixnumberbeamer.sty)
(C:\Users\alienware\AppData\Roaming\MiKTeX\2.9\tex\latex\beamer\beamerfonttheme
serif.sty)
(C:\Users\alienware\AppData\Roaming\MiKTeX\2.9\tex\latex\pgf\frontendlayer\tikz
.sty
(C:\Users\alienware\AppData\Roaming\MiKTeX\2.9\tex\latex\pgf\basiclayer\pgf.sty
Package: pgf 2020/01/08 v3.1.5b (3.1.5b)

(C:\Users\alienware\AppData\Roaming\MiKTeX\2.9\tex\generic\pgf\modules\pgfmodul
eshapes.code.tex
File: pgfmoduleshapes.code.tex 2020/01/08 v3.1.5b (3.1.5b)
\pgfnodeparttextbox=\box56
)
(C:\Users\alienware\AppData\Roaming\MiKTeX\2.9\tex\generic\pgf\modules\pgfmodul
eplot.code.tex
File: pgfmoduleplot.code.tex 2020/01/08 v3.1.5b (3.1.5b)
)
(C:\Users\alienware\AppData\Roaming\MiKTeX\2.9\tex\latex\pgf\compatibility\pgfc
omp-version-0-65.sty
Package: pgfcomp-version-0-65 2020/01/08 v3.1.5b (3.1.5b)
\pgf@nodesepstart=\dimen288
\pgf@nodesepend=\dimen289
)
(C:\Users\alienware\AppData\Roaming\MiKTeX\2.9\tex\latex\pgf\compatibility\pgfc
omp-version-1-18.sty
Package: pgfcomp-version-1-18 2020/01/08 v3.1.5b (3.1.5b)
))
(C:\Users\alienware\AppData\Roaming\MiKTeX\2.9\tex\latex\pgf\utilities\pgffor.s
ty
(C:\Users\alienware\AppData\Roaming\MiKTeX\2.9\tex\latex\pgf\utilities\pgfkeys.
sty
(C:\Users\alienware\AppData\Roaming\MiKTeX\2.9\tex\generic\pgf\utilities\pgfkey
s.code.tex))
(C:\Users\alienware\AppData\Roaming\MiKTeX\2.9\tex\latex\pgf\math\pgfmath.sty
(C:\Users\alienware\AppData\Roaming\MiKTeX\2.9\tex\generic\pgf\math\pgfmath.cod
e.tex))
(C:\Users\alienware\AppData\Roaming\MiKTeX\2.9\tex\generic\pgf\utilities\pgffor
.code.tex
Package: pgffor 2020/01/08 v3.1.5b (3.1.5b)

(C:\Users\alienware\AppData\Roaming\MiKTeX\2.9\tex\generic\pgf\math\pgfmath.cod
e.tex)
\pgffor@iter=\dimen290
\pgffor@skip=\dimen291
\pgffor@stack=\toks46
\pgffor@toks=\toks47
))
(C:\Users\alienware\AppData\Roaming\MiKTeX\2.9\tex\generic\pgf\frontendlayer\ti
kz\tikz.code.tex
Package: tikz 2020/01/08 v3.1.5b (3.1.5b)

(C:\Users\alienware\AppData\Roaming\MiKTeX\2.9\tex\generic\pgf\libraries\pgflib
raryplothandlers.code.tex
File: pgflibraryplothandlers.code.tex 2020/01/08 v3.1.5b (3.1.5b)
\pgf@plot@mark@count=\count362
\pgfplotmarksize=\dimen292
)
\tikz@lastx=\dimen293
\tikz@lasty=\dimen294
\tikz@lastxsaved=\dimen295
\tikz@lastysaved=\dimen296
\tikz@lastmovetox=\dimen297
\tikz@lastmovetoy=\dimen298
\tikzleveldistance=\dimen299
\tikzsiblingdistance=\dimen300
\tikz@figbox=\box57
\tikz@figbox@bg=\box58
\tikz@tempbox=\box59
\tikz@tempbox@bg=\box60
\tikztreelevel=\count363
\tikznumberofchildren=\count364
\tikznumberofcurrentchild=\count365
\tikz@fig@count=\count366

(C:\Users\alienware\AppData\Roaming\MiKTeX\2.9\tex\generic\pgf\modules\pgfmodul
ematrix.code.tex
File: pgfmodulematrix.code.tex 2020/01/08 v3.1.5b (3.1.5b)
\pgfmatrixcurrentrow=\count367
\pgfmatrixcurrentcolumn=\count368
\pgf@matrix@numberofcolumns=\count369
)
\tikz@expandcount=\count370

(C:\Users\alienware\AppData\Roaming\MiKTeX\2.9\tex\generic\pgf\frontendlayer\ti
kz\libraries\tikzlibrarytopaths.code.tex
File: tikzlibrarytopaths.code.tex 2020/01/08 v3.1.5b (3.1.5b)
)))
(C:\Users\alienware\AppData\Roaming\MiKTeX\2.9\tex\generic\pgf\frontendlayer\ti
kz\libraries\tikzlibrarypatterns.code.tex
File: tikzlibrarypatterns.code.tex 2020/01/08 v3.1.5b (3.1.5b)

(C:\Users\alienware\AppData\Roaming\MiKTeX\2.9\tex\generic\pgf\libraries\pgflib
rarypatterns.code.tex
File: pgflibrarypatterns.code.tex 2020/01/08 v3.1.5b (3.1.5b)
))
\c@algorithm=\count371
\c@defn=\count372
\c@cd=\count373
\c@sauvegardeenumi=\count374
\@quotelevel=\count375
\@quotereset=\count376
 (slides.aux)
\openout1 = `slides.aux'.

LaTeX Font Info:    Checking defaults for OML/cmm/m/it on input line 156.
LaTeX Font Info:    ... okay on input line 156.
LaTeX Font Info:    Checking defaults for T1/cmr/m/n on input line 156.
LaTeX Font Info:    ... okay on input line 156.
LaTeX Font Info:    Checking defaults for OT1/cmr/m/n on input line 156.
LaTeX Font Info:    ... okay on input line 156.
LaTeX Font Info:    Checking defaults for OMS/cmsy/m/n on input line 156.
LaTeX Font Info:    ... okay on input line 156.
LaTeX Font Info:    Checking defaults for OMX/cmex/m/n on input line 156.
LaTeX Font Info:    ... okay on input line 156.
LaTeX Font Info:    Checking defaults for U/cmr/m/n on input line 156.
LaTeX Font Info:    ... okay on input line 156.
LaTeX Font Info:    Checking defaults for PD1/pdf/m/n on input line 156.
LaTeX Font Info:    ... okay on input line 156.

*geometry* driver: auto-detecting
*geometry* detected driver: pdftex
*geometry* verbose mode - [ preamble ] result:
* driver: pdftex
* paper: custom
* layout: <same size as paper>
* layoutoffset:(h,v)=(0.0pt,0.0pt)
* modes: includehead includefoot 
* h-part:(L,W,R)=(28.45274pt, 307.28987pt, 28.45274pt)
* v-part:(T,H,B)=(0.0pt, 273.14662pt, 0.0pt)
* \paperwidth=364.19536pt
* \paperheight=273.14662pt
* \textwidth=307.28987pt
* \textheight=244.6939pt
* \oddsidemargin=-43.81725pt
* \evensidemargin=-43.81725pt
* \topmargin=-72.26999pt
* \headheight=14.22636pt
* \headsep=0.0pt
* \topskip=10.0pt
* \footskip=14.22636pt
* \marginparwidth=3.0pt
* \marginparsep=11.0pt
* \columnsep=10.0pt
* \skip\footins=9.0pt plus 4.0pt minus 2.0pt
* \hoffset=0.0pt
* \voffset=0.0pt
* \mag=1000
* \@twocolumnfalse
* \@twosidefalse
* \@mparswitchfalse
* \@reversemarginfalse
* (1in=72.27pt=25.4mm, 1cm=28.453pt)


(C:\Users\alienware\AppData\Roaming\MiKTeX\2.9\tex\context\base\mkii\supp-pdf.m
kii
[Loading MPS to PDF converter (version 2006.09.02).]
\scratchcounter=\count377
\scratchdimen=\dimen301
\scratchbox=\box61
\nofMPsegments=\count378
\nofMParguments=\count379
\everyMPshowfont=\toks48
\MPscratchCnt=\count380
\MPscratchDim=\dimen302
\MPnumerator=\count381
\makeMPintoPDFobject=\count382
\everyMPtoPDFconversion=\toks49
) ("d:\MiKTeX 2.9\tex\latex\oberdiek\epstopdf-base.sty"
Package: epstopdf-base 2016/05/15 v2.6 Base part for package epstopdf

("d:\MiKTeX 2.9\tex\latex\oberdiek\grfext.sty"
Package: grfext 2016/05/16 v1.2 Manage graphics extensions (HO)
)
Package epstopdf-base Info: Redefining graphics rule for `.eps' on input line 4
38.
Package grfext Info: Graphics extension search list:
(grfext)             [.pdf,.png,.jpg,.mps,.jpeg,.jbig2,.jb2,.PDF,.PNG,.JPG,.JPE
G,.JBIG2,.JB2,.eps]
(grfext)             \AppendGraphicsExtensions on input line 456.
)
ABD: EveryShipout initializing macros
\AtBeginShipoutBox=\box62
Package hyperref Info: Link coloring OFF on input line 156.

("d:\MiKTeX 2.9\tex\latex\hyperref\nameref.sty"
Package: nameref 2016/05/21 v2.44 Cross-referencing by name of section

("d:\MiKTeX 2.9\tex\generic\oberdiek\gettitlestring.sty"
Package: gettitlestring 2016/05/16 v1.5 Cleanup title references (HO)
)
\c@section@level=\count383
)
LaTeX Info: Redefining \ref on input line 156.
LaTeX Info: Redefining \pageref on input line 156.
LaTeX Info: Redefining \nameref on input line 156.
 (slides.out)
(slides.out)
\@outlinefile=\write6
\openout6 = `slides.out'.


(C:\Users\alienware\AppData\Roaming\MiKTeX\2.9\tex\latex\translator\translator-
basic-dictionary-English.dict
Dictionary: translator-basic-dictionary, Language: English 
)
(C:\Users\alienware\AppData\Roaming\MiKTeX\2.9\tex\latex\translator\translator-
bibliography-dictionary-English.dict
Dictionary: translator-bibliography-dictionary, Language: English 
)
(C:\Users\alienware\AppData\Roaming\MiKTeX\2.9\tex\latex\translator\translator-
environment-dictionary-English.dict
Dictionary: translator-environment-dictionary, Language: English 
)
(C:\Users\alienware\AppData\Roaming\MiKTeX\2.9\tex\latex\translator\translator-
months-dictionary-English.dict
Dictionary: translator-months-dictionary, Language: English 
)
(C:\Users\alienware\AppData\Roaming\MiKTeX\2.9\tex\latex\translator\translator-
numbers-dictionary-English.dict
Dictionary: translator-numbers-dictionary, Language: English 
)
(C:\Users\alienware\AppData\Roaming\MiKTeX\2.9\tex\latex\translator\translator-
theorem-dictionary-English.dict
Dictionary: translator-theorem-dictionary, Language: English 
)

Package sidecap Warning: Package `ragged2e' not found -- expect bad formatting.


Package biblatex Info: Trying to load language 'english'...
Package biblatex Info: ... file 'english.lbx' found.

(C:\Users\alienware\AppData\Roaming\MiKTeX\2.9\tex\latex\biblatex\lbx\english.l
bx
File: english.lbx 2019/12/01 v3.14 biblatex localization (PK/MW)
)
Package biblatex Info: No input encoding detected.
(biblatex)             Assuming 'ascii'.
Package biblatex Info: Automatic encoding selection.
(biblatex)             Assuming data encoding 'ascii'.
\openout5 = `slides.bcf'.

Package biblatex Info: Trying to load bibliographic data...
Package biblatex Info: ... file 'slides.bbl' not found.

No file slides.bbl.
Package biblatex Info: Reference section=0 on input line 156.
Package biblatex Info: Reference segment=0 on input line 156.
Package caption Info: Begin \AtBeginDocument code.
Package caption Info: End \AtBeginDocument code.
(slides.nav) [1

{C:/Users/alienware/AppData/Local/MiKTeX/2.9/pdftex/config/pdftex.map}] [2

]
Missing character: There is no ] in font nullfont!
 [3

] [4

] [5

] [6

] [7

] [8

] [9

] [10

] [11

] [12

] (slides.toc) [13

]
[14

]
LaTeX Font Info:    Try loading font information for U+msa on input line 285.
 ("d:\MiKTeX 2.9\tex\latex\amsfonts\umsa.fd"
File: umsa.fd 2013/01/14 v3.01 AMS symbols A
)
LaTeX Font Info:    Try loading font information for U+msb on input line 285.

("d:\MiKTeX 2.9\tex\latex\amsfonts\umsb.fd"
File: umsb.fd 2013/01/14 v3.01 AMS symbols B
)
LaTeX Font Info:    Try loading font information for OT1+mathkerncmss on input 
line 285.

(C:\Users\alienware\AppData\Roaming\MiKTeX\2.9\tex\latex\sansmathaccent\ot1math
kerncmss.fd
File: ot1mathkerncmss.fd 2020/01/31 Fontinst v1.933 font definitions for OT1/ma
thkerncmss.
)
Overfull \hbox (2.68616pt too wide) in paragraph at lines 285--285
 []\OT1/cmss/m/n/10 clusters 
 []


Overfull \vbox (10.33676pt too high) detected at line 285
 []

[15

] [16

] [17

] [18

] [19

] [20

] [21

] [22

] [23

] [24

] [25

] [26

] [27

] [28

]
(slides.toc) [29

] [30

] [31

] [32

] [33

] [34

] [35

] [36

] [37

] [38

] [39

] [40

]
[41

] [42

] (slides.toc) [43

] [44

] [45

] [46

] [47

] [48

] [49

] [50

] [51

] [52

]
(slides.toc) [53

] [54

] [55

] [56

] [57

]
Overfull \hbox (13.32507pt too wide) in paragraph at lines 704--704
 [][]\OT1/cmss/m/n/10 Estimated 
 []


Overfull \hbox (7.79729pt too wide) in paragraph at lines 704--704
 []\OT1/cmss/m/n/10 clusering 
 []


Overfull \hbox (21.57507pt too wide) in paragraph at lines 704--704
 []\OT1/cmss/m/n/10 assignments 
 []

[58

]
Overfull \hbox (13.32507pt too wide) in paragraph at lines 704--704
 [][]\OT1/cmss/m/n/10 Estimated 
 []


Overfull \hbox (7.79729pt too wide) in paragraph at lines 704--704
 []\OT1/cmss/m/n/10 clusering 
 []


Overfull \hbox (21.57507pt too wide) in paragraph at lines 704--704
 []\OT1/cmss/m/n/10 assignments 
 []

[59

] [60

] [61

] (slides.toc) [62

] [63

]
Overfull \hbox (20.80843pt too wide) detected at line 797
[]
 []

[64

]
Overfull \hbox (20.80843pt too wide) detected at line 797
[]
 []

[65

] [66

] [67

]
Overfull \vbox (7.68092pt too high) detected at line 871
 []

[68

] (slides.toc) [69

] [70

] [71

] [72

] [73

] [74

] [75

]
Overfull \hbox (12.02829pt too wide) detected at line 937
[]
 []

[76

]
Overfull \hbox (12.02829pt too wide) detected at line 937
[]
 []

[77

] [78

] [79

]
Overfull \vbox (16.42302pt too high) detected at line 1032
 []

[80

] (slides.toc) [81

] [82

] [83

] [84

] [85

]
Overfull \hbox (2.62962pt too wide) in paragraph at lines 1141--1141
 [] 
 []

[86

]
Overfull \hbox (2.62962pt too wide) in paragraph at lines 1141--1141
 [] 
 []

[87

]
<plot/L1M1m3p360.pdf, id=2522, pagebox=cropbox, 722.7pt x 578.16pt>
File: plot/L1M1m3p360.pdf Graphic file (type pdf)
<use plot/L1M1m3p360.pdf>
Package pdftex.def Info: plot/L1M1m3p360.pdf  used on input line 1158. on input
 line 1158.
Package pdftex.def Info: Requested size: 144.53743pt x 115.62994pt on input lin
e 1158.
<plot/L3M1m3p360.pdf, id=2523, pagebox=cropbox, 722.7pt x 578.16pt>
File: plot/L3M1m3p360.pdf Graphic file (type pdf)
<use plot/L3M1m3p360.pdf>
Package pdftex.def Info: plot/L3M1m3p360.pdf  used on input line 1158. on input
 line 1158.
Package pdftex.def Info: Requested size: 144.53743pt x 115.62994pt on input lin
e 1158.

Overfull \hbox (21.62337pt too wide) in paragraph at lines 1158--1158
 [][] 
 []

[88

 <./plot/L1M1m3p360.pdf> <./plot/L3M1m3p360.pdf>]
<plot/L1M1m6p360.pdf, id=2565, pagebox=cropbox, 722.7pt x 578.16pt>
File: plot/L1M1m6p360.pdf Graphic file (type pdf)
<use plot/L1M1m6p360.pdf>
Package pdftex.def Info: plot/L1M1m6p360.pdf  used on input line 1175. on input
 line 1175.
Package pdftex.def Info: Requested size: 144.53743pt x 115.62994pt on input lin
e 1175.
<plot/L3M1m6p360.pdf, id=2566, pagebox=cropbox, 722.7pt x 578.16pt>
File: plot/L3M1m6p360.pdf Graphic file (type pdf)
<use plot/L3M1m6p360.pdf>
Package pdftex.def Info: plot/L3M1m6p360.pdf  used on input line 1175. on input
 line 1175.
Package pdftex.def Info: Requested size: 144.53743pt x 115.62994pt on input lin
e 1175.

Overfull \hbox (21.62337pt too wide) in paragraph at lines 1175--1175
 [][] 
 []

[89

 <./plot/L1M1m6p360.pdf> <./plot/L3M1m6p360.pdf>] (slides.toc) [90

] [91

]
<plot/allcountries.pdf, id=2670, pagebox=cropbox, 361.35pt x 289.08pt>
File: plot/allcountries.pdf Graphic file (type pdf)
<use plot/allcountries.pdf>
Package pdftex.def Info: plot/allcountries.pdf  used on input line 1213. on inp
ut line 1213.
Package pdftex.def Info: Requested size: 289.0804pt x 231.2643pt on input line 
1213.

Overfull \vbox (42.73392pt too high) detected at line 1213
 []

[92

 <./plot/allcountries.pdf>]
<plot/evratio.pdf, id=2703, pagebox=cropbox, 650.43pt x 505.89pt>
File: plot/evratio.pdf Graphic file (type pdf)
<use plot/evratio.pdf>
Package pdftex.def Info: plot/evratio.pdf  used on input line 1232. on input li
ne 1232.
Package pdftex.def Info: Requested size: 130.0837pt x 101.1762pt on input line 
1232.

Overfull \hbox (7.16963pt too wide) in paragraph at lines 1232--1232
[][] 
 []

<plot/evratio2.pdf, id=2704, pagebox=cropbox, 650.43pt x 505.89pt>
File: plot/evratio2.pdf Graphic file (type pdf)
<use plot/evratio2.pdf>
Package pdftex.def Info: plot/evratio2.pdf  used on input line 1232. on input l
ine 1232.
Package pdftex.def Info: Requested size: 130.0837pt x 101.1762pt on input line 
1232.

Overfull \hbox (7.16963pt too wide) in paragraph at lines 1232--1232
[][] 
 []

[93

 <./plot/evratio.pdf> <./plot/evratio2.pdf>]
<plot/predloss.pdf, id=2744, pagebox=cropbox, 650.43pt x 505.89pt>
File: plot/predloss.pdf Graphic file (type pdf)
<use plot/predloss.pdf>
Package pdftex.def Info: plot/predloss.pdf  used on input line 1254. on input l
ine 1254.
Package pdftex.def Info: Requested size: 130.0837pt x 101.1762pt on input line 
1254.

Overfull \hbox (7.16963pt too wide) in paragraph at lines 1254--1254
 [][] 
 []

<plot/repredloss.pdf, id=2745, pagebox=cropbox, 650.43pt x 505.89pt>
File: plot/repredloss.pdf Graphic file (type pdf)
<use plot/repredloss.pdf>
Package pdftex.def Info: plot/repredloss.pdf  used on input line 1254. on input
 line 1254.
Package pdftex.def Info: Requested size: 130.0837pt x 101.1762pt on input line 
1254.

Overfull \hbox (7.16963pt too wide) in paragraph at lines 1254--1254
 [][] 
 []


Overfull \vbox (0.1458pt too high) detected at line 1254
 []

[94

 <./plot/predloss.pdf> <./plot/repredloss.pdf>]
File: plot/predloss.pdf Graphic file (type pdf)
<use plot/predloss.pdf>
Package pdftex.def Info: plot/predloss.pdf  used on input line 1254. on input l
ine 1254.
Package pdftex.def Info: Requested size: 130.0837pt x 101.1762pt on input line 
1254.

Overfull \hbox (7.16963pt too wide) in paragraph at lines 1254--1254
 [][] 
 []

File: plot/repredloss.pdf Graphic file (type pdf)
<use plot/repredloss.pdf>
Package pdftex.def Info: plot/repredloss.pdf  used on input line 1254. on input
 line 1254.
Package pdftex.def Info: Requested size: 130.0837pt x 101.1762pt on input line 
1254.

Overfull \hbox (7.16963pt too wide) in paragraph at lines 1254--1254
 [][] 
 []


Overfull \vbox (0.1458pt too high) detected at line 1254
 []

[95

]
<plot/loadingheat.pdf, id=2813, pagebox=cropbox, 794.97pt x 578.16pt>
File: plot/loadingheat.pdf Graphic file (type pdf)
<use plot/loadingheat.pdf>
Package pdftex.def Info: plot/loadingheat.pdf  used on input line 1262. on inpu
t line 1262.
Package pdftex.def Info: Requested size: 322.66464pt x 216.80946pt on input lin
e 1262.

Overfull \hbox (15.37477pt too wide) in paragraph at lines 1262--1262
 [] 
 []


Overfull \vbox (1.05272pt too high) detected at line 1262
 []

[96

 <./plot/loadingheat.pdf>]
<plot/3mon_world.pdf, id=2846, pagebox=cropbox, 722.7pt x 578.16pt>
File: plot/3mon_world.pdf Graphic file (type pdf)
<use plot/3mon_world.pdf>
Package pdftex.def Info: plot/3mon_world.pdf  used on input line 1270. on input
 line 1270.
Package pdftex.def Info: Requested size: 289.07487pt x 231.2599pt on input line
 1270.

Overfull \vbox (17.72952pt too high) detected at line 1270
 []

[97

 <./plot/3mon_world.pdf>]
<plot/3mon_europe.pdf, id=2880, pagebox=cropbox, 1156.32pt x 578.16pt>
File: plot/3mon_europe.pdf Graphic file (type pdf)
<use plot/3mon_europe.pdf>
Package pdftex.def Info: plot/3mon_europe.pdf  used on input line 1278. on inpu
t line 1278.
Package pdftex.def Info: Requested size: 346.89868pt x 173.44933pt on input lin
e 1278.

Overfull \hbox (39.60881pt too wide) in paragraph at lines 1278--1278
 [] 
 []

[98

 <./plot/3mon_europe.pdf>]
<plot/lt_world.pdf, id=2913, pagebox=cropbox, 722.7pt x 578.16pt>
File: plot/lt_world.pdf Graphic file (type pdf)
<use plot/lt_world.pdf>
Package pdftex.def Info: plot/lt_world.pdf  used on input line 1286. on input l
ine 1286.
Package pdftex.def Info: Requested size: 289.07487pt x 231.2599pt on input line
 1286.

Overfull \vbox (17.72952pt too high) detected at line 1286
 []

[99

 <./plot/lt_world.pdf>]
<plot/lt_europe.pdf, id=2945, pagebox=cropbox, 1156.32pt x 578.16pt>
File: plot/lt_europe.pdf Graphic file (type pdf)
<use plot/lt_europe.pdf>
Package pdftex.def Info: plot/lt_europe.pdf  used on input line 1294. on input 
line 1294.
Package pdftex.def Info: Requested size: 346.89868pt x 173.44933pt on input lin
e 1294.

Overfull \hbox (39.60881pt too wide) in paragraph at lines 1294--1294
 [] 
 []

[100

 <./plot/lt_europe.pdf>] (slides.toc) [101

] [102

] [103

]

pdfTeX warning: pdflatex (file ./thankyou.pdf): PDF inclusion: found PDF versio
n <1.6>, but at most version <1.5> allowed
<thankyou.pdf, id=3067, pagebox=cropbox, 501.875pt x 336.25626pt>
File: thankyou.pdf Graphic file (type pdf)
<use thankyou.pdf>
Package pdftex.def Info: thankyou.pdf  used on input line 1336. on input line 1
336.
Package pdftex.def Info: Requested size: 225.84166pt x 151.3139pt on input line
 1336.
[104

 <./thankyou.pdf>]
\tf@nav=\write7
\openout7 = `slides.nav'.

\tf@toc=\write8
\openout8 = `slides.toc'.

\tf@snm=\write9
\openout9 = `slides.snm'.

Package atveryend Info: Empty hook `BeforeClearDocument' on input line 1340.
Package atveryend Info: Empty hook `AfterLastShipout' on input line 1340.
 (slides.aux)
Package atveryend Info: Executing hook `AtVeryEndDocument' on input line 1340.
Package atveryend Info: Executing hook `AtEndAfterFileList' on input line 1340.

Package rerunfilecheck Info: File `slides.out' has not changed.
(rerunfilecheck)             Checksum: 1BC53CF6EC743A0AFAE7FCDF7CD515E2;533.
Package logreq Info: Writing requests to 'slides.run.xml'.
\openout1 = `slides.run.xml'.

 ) 
Here is how much of TeX's memory you used:
 30439 strings out of 493312
 600473 string characters out of 3144935
 1044232 words of memory out of 3000000
 33133 multiletter control sequences out of 15000+200000
 31096 words of font info for 98 fonts, out of 3000000 for 9000
 1141 hyphenation exceptions out of 8191
 56i,19n,67p,1133b,1098s stack positions out of 5000i,500n,10000p,200000b,50000s
<d:/MiKTeX 2.9/fonts/type1/public/amsfonts/cm/cmbx10.pfb><d:/MiKTeX 2.9/fonts
/type1/public/amsfonts/cm/cmbx12.pfb><d:/MiKTeX 2.9/fonts/type1/public/amsfonts
/cm/cmbx7.pfb><d:/MiKTeX 2.9/fonts/type1/public/amsfonts/cm/cmbx8.pfb><d:/MiKTe
X 2.9/fonts/type1/public/amsfonts/cm/cmbx9.pfb><d:/MiKTeX 2.9/fonts/type1/publi
c/amsfonts/cm/cmex10.pfb><d:/MiKTeX 2.9/fonts/type1/public/amsfonts/cmextra/cme
x7.pfb><d:/MiKTeX 2.9/fonts/type1/public/amsfonts/cmextra/cmex9.pfb><d:/MiKTeX 
2.9/fonts/type1/public/amsfonts/cm/cmmi10.pfb><d:/MiKTeX 2.9/fonts/type1/public
/amsfonts/cm/cmmi12.pfb><d:/MiKTeX 2.9/fonts/type1/public/amsfonts/cm/cmmi5.pfb
><d:/MiKTeX 2.9/fonts/type1/public/amsfonts/cm/cmmi6.pfb><d:/MiKTeX 2.9/fonts/t
ype1/public/amsfonts/cm/cmmi7.pfb><d:/MiKTeX 2.9/fonts/type1/public/amsfonts/cm
/cmmi8.pfb><d:/MiKTeX 2.9/fonts/type1/public/amsfonts/cm/cmmi9.pfb><d:/MiKTeX 2
.9/fonts/type1/public/amsfonts/cm/cmr10.pfb><d:/MiKTeX 2.9/fonts/type1/public/a
msfonts/cm/cmr12.pfb><d:/MiKTeX 2.9/fonts/type1/public/amsfonts/cm/cmr5.pfb><d:
/MiKTeX 2.9/fonts/type1/public/amsfonts/cm/cmr6.pfb><d:/MiKTeX 2.9/fonts/type1/
public/amsfonts/cm/cmr7.pfb><d:/MiKTeX 2.9/fonts/type1/public/amsfonts/cm/cmr8.
pfb><d:/MiKTeX 2.9/fonts/type1/public/amsfonts/cm/cmr9.pfb><d:/MiKTeX 2.9/fonts
/type1/public/amsfonts/cm/cmss10.pfb><d:/MiKTeX 2.9/fonts/type1/public/amsfonts
/cm/cmss12.pfb><d:/MiKTeX 2.9/fonts/type1/public/amsfonts/cm/cmss8.pfb><d:/MiKT
eX 2.9/fonts/type1/public/amsfonts/cm/cmss9.pfb><d:/MiKTeX 2.9/fonts/type1/publ
ic/amsfonts/cm/cmssbx10.pfb><d:/MiKTeX 2.9/fonts/type1/public/amsfonts/cm/cmssi
10.pfb><d:/MiKTeX 2.9/fonts/type1/public/amsfonts/cm/cmssi8.pfb><d:/MiKTeX 2.9/
fonts/type1/public/amsfonts/cm/cmssi9.pfb><d:/MiKTeX 2.9/fonts/type1/public/ams
fonts/cm/cmsy10.pfb><d:/MiKTeX 2.9/fonts/type1/public/amsfonts/cm/cmsy5.pfb><d:
/MiKTeX 2.9/fonts/type1/public/amsfonts/cm/cmsy6.pfb><d:/MiKTeX 2.9/fonts/type1
/public/amsfonts/cm/cmsy7.pfb><d:/MiKTeX 2.9/fonts/type1/public/amsfonts/cm/cms
y8.pfb><d:/MiKTeX 2.9/fonts/type1/public/amsfonts/cm/cmsy9.pfb><d:/MiKTeX 2.9/f
onts/type1/public/amsfonts/symbols/msam10.pfb><d:/MiKTeX 2.9/fonts/type1/public
/amsfonts/symbols/msbm10.pfb>
Output written on slides.pdf (104 pages, 1550963 bytes).
PDF statistics:
 3265 PDF objects out of 3580 (max. 8388607)
 222 named destinations out of 1000 (max. 500000)
 238 words of extra memory for PDF output out of 10000 (max. 10000000)

